0 verbose cli C:\Program Files\nodejs\node.exe C:\Users\Dell\AppData\Roaming\npm\node_modules\npm\bin\npm-cli.js
1 info using npm@11.1.0
2 info using node@v22.14.0
3 silly config load:file:C:\Users\Dell\AppData\Roaming\npm\node_modules\npm\npmrc
4 silly config load:file:E:\backend learn\ecommerce_frontend\my-ecommerce\.npmrc
5 silly config load:file:C:\Users\Dell\.npmrc
6 silly config load:file:C:\Users\Dell\AppData\Roaming\npm\etc\npmrc
7 verbose title npm install swiper
8 verbose argv "install" "swiper"
9 verbose logfile logs-max:10 dir:E:\backend learn\ecommerce_frontend\my-ecommerce\clean\_logs\2025-04-11T13_03_08_211Z-
10 verbose logfile E:\backend learn\ecommerce_frontend\my-ecommerce\clean\_logs\2025-04-11T13_03_08_211Z-debug-0.log
11 silly logfile done cleaning log files
12 silly packumentCache heap:2197815296 maxSize:549453824 maxEntrySize:274726912
13 silly idealTree buildDeps
14 silly fetch manifest swiper@*
15 silly packumentCache full:https://registry.npmjs.org/swiper cache-miss
16 http fetch GET 200 https://registry.npmjs.org/swiper 610ms (cache miss)
17 silly packumentCache full:https://registry.npmjs.org/swiper set size:undefined disposed:false
18 silly placeDep ROOT swiper@11.2.6 OK for: my-ecommerce@0.1.0 want: *
19 silly reify moves {}
20 silly audit bulk request {
20 silly audit   '@alloc/quick-lru': [ '5.2.0' ],
20 silly audit   '@emnapi/core': [ '1.4.0' ],
20 silly audit   '@emnapi/runtime': [ '1.4.0' ],
20 silly audit   '@emnapi/wasi-threads': [ '1.0.1' ],
20 silly audit   '@eslint-community/eslint-utils': [ '4.5.1' ],
20 silly audit   'eslint-visitor-keys': [ '3.4.3', '4.2.0' ],
20 silly audit   '@eslint-community/regexpp': [ '4.12.1' ],
20 silly audit   '@eslint/config-array': [ '0.20.0' ],
20 silly audit   '@eslint/config-helpers': [ '0.2.1' ],
20 silly audit   '@eslint/core': [ '0.12.0', '0.13.0' ],
20 silly audit   '@eslint/eslintrc': [ '3.3.1' ],
20 silly audit   '@eslint/js': [ '9.24.0' ],
20 silly audit   '@eslint/object-schema': [ '2.1.6' ],
20 silly audit   '@eslint/plugin-kit': [ '0.2.8' ],
20 silly audit   '@humanfs/core': [ '0.19.1' ],
20 silly audit   '@humanfs/node': [ '0.16.6' ],
20 silly audit   '@humanwhocodes/retry': [ '0.3.1', '0.4.2' ],
20 silly audit   '@humanwhocodes/module-importer': [ '1.0.1' ],
20 silly audit   '@img/sharp-darwin-arm64': [ '0.34.1' ],
20 silly audit   '@img/sharp-darwin-x64': [ '0.34.1' ],
20 silly audit   '@img/sharp-libvips-darwin-arm64': [ '1.1.0' ],
20 silly audit   '@img/sharp-libvips-darwin-x64': [ '1.1.0' ],
20 silly audit   '@img/sharp-libvips-linux-arm': [ '1.1.0' ],
20 silly audit   '@img/sharp-libvips-linux-arm64': [ '1.1.0' ],
20 silly audit   '@img/sharp-libvips-linux-ppc64': [ '1.1.0' ],
20 silly audit   '@img/sharp-libvips-linux-s390x': [ '1.1.0' ],
20 silly audit   '@img/sharp-libvips-linux-x64': [ '1.1.0' ],
20 silly audit   '@img/sharp-libvips-linuxmusl-arm64': [ '1.1.0' ],
20 silly audit   '@img/sharp-libvips-linuxmusl-x64': [ '1.1.0' ],
20 silly audit   '@img/sharp-linux-arm': [ '0.34.1' ],
20 silly audit   '@img/sharp-linux-arm64': [ '0.34.1' ],
20 silly audit   '@img/sharp-linux-s390x': [ '0.34.1' ],
20 silly audit   '@img/sharp-linux-x64': [ '0.34.1' ],
20 silly audit   '@img/sharp-linuxmusl-arm64': [ '0.34.1' ],
20 silly audit   '@img/sharp-linuxmusl-x64': [ '0.34.1' ],
20 silly audit   '@img/sharp-wasm32': [ '0.34.1' ],
20 silly audit   '@img/sharp-win32-ia32': [ '0.34.1' ],
20 silly audit   '@img/sharp-win32-x64': [ '0.34.1' ],
20 silly audit   '@napi-rs/wasm-runtime': [ '0.2.8' ],
20 silly audit   '@next/env': [ '15.3.0' ],
20 silly audit   '@next/eslint-plugin-next': [ '15.3.0' ],
20 silly audit   '@next/swc-darwin-arm64': [ '15.3.0' ],
20 silly audit   '@next/swc-darwin-x64': [ '15.3.0' ],
20 silly audit   '@next/swc-linux-arm64-gnu': [ '15.3.0' ],
20 silly audit   '@next/swc-linux-arm64-musl': [ '15.3.0' ],
20 silly audit   '@next/swc-linux-x64-gnu': [ '15.3.0' ],
20 silly audit   '@next/swc-linux-x64-musl': [ '15.3.0' ],
20 silly audit   '@next/swc-win32-arm64-msvc': [ '15.3.0' ],
20 silly audit   '@next/swc-win32-x64-msvc': [ '15.3.0' ],
20 silly audit   '@nodelib/fs.scandir': [ '2.1.5' ],
20 silly audit   '@nodelib/fs.stat': [ '2.0.5' ],
20 silly audit   '@nodelib/fs.walk': [ '1.2.8' ],
20 silly audit   '@nolyfill/is-core-module': [ '1.0.39' ],
20 silly audit   '@rtsao/scc': [ '1.1.0' ],
20 silly audit   '@rushstack/eslint-patch': [ '1.11.0' ],
20 silly audit   '@swc/counter': [ '0.1.3' ],
20 silly audit   '@swc/helpers': [ '0.5.15' ],
20 silly audit   '@tailwindcss/node': [ '4.1.3' ],
20 silly audit   '@tailwindcss/oxide': [ '4.1.3' ],
20 silly audit   '@tailwindcss/oxide-android-arm64': [ '4.1.3' ],
20 silly audit   '@tailwindcss/oxide-darwin-arm64': [ '4.1.3' ],
20 silly audit   '@tailwindcss/oxide-darwin-x64': [ '4.1.3' ],
20 silly audit   '@tailwindcss/oxide-freebsd-x64': [ '4.1.3' ],
20 silly audit   '@tailwindcss/oxide-linux-arm-gnueabihf': [ '4.1.3' ],
20 silly audit   '@tailwindcss/oxide-linux-arm64-gnu': [ '4.1.3' ],
20 silly audit   '@tailwindcss/oxide-linux-arm64-musl': [ '4.1.3' ],
20 silly audit   '@tailwindcss/oxide-linux-x64-gnu': [ '4.1.3' ],
20 silly audit   '@tailwindcss/oxide-linux-x64-musl': [ '4.1.3' ],
20 silly audit   '@tailwindcss/oxide-win32-arm64-msvc': [ '4.1.3' ],
20 silly audit   '@tailwindcss/oxide-win32-x64-msvc': [ '4.1.3' ],
20 silly audit   '@tailwindcss/postcss': [ '4.1.3' ],
20 silly audit   '@tybys/wasm-util': [ '0.9.0' ],
20 silly audit   '@types/estree': [ '1.0.7' ],
20 silly audit   '@types/json-schema': [ '7.0.15' ],
20 silly audit   '@types/json5': [ '0.0.29' ],
20 silly audit   '@typescript-eslint/eslint-plugin': [ '8.29.1' ],
20 silly audit   '@typescript-eslint/parser': [ '8.29.1' ],
20 silly audit   '@typescript-eslint/scope-manager': [ '8.29.1' ],
20 silly audit   '@typescript-eslint/type-utils': [ '8.29.1' ],
20 silly audit   '@typescript-eslint/types': [ '8.29.1' ],
20 silly audit   '@typescript-eslint/typescript-estree': [ '8.29.1' ],
20 silly audit   'brace-expansion': [ '2.0.1', '1.1.11' ],
20 silly audit   'fast-glob': [ '3.3.3', '3.3.1' ],
20 silly audit   'glob-parent': [ '5.1.2', '6.0.2' ],
20 silly audit   minimatch: [ '9.0.5', '3.1.2' ],
20 silly audit   '@typescript-eslint/utils': [ '8.29.1' ],
20 silly audit   '@typescript-eslint/visitor-keys': [ '8.29.1' ],
20 silly audit   '@unrs/resolver-binding-darwin-arm64': [ '1.4.1' ],
20 silly audit   '@unrs/resolver-binding-darwin-x64': [ '1.4.1' ],
20 silly audit   '@unrs/resolver-binding-freebsd-x64': [ '1.4.1' ],
20 silly audit   '@unrs/resolver-binding-linux-arm-gnueabihf': [ '1.4.1' ],
20 silly audit   '@unrs/resolver-binding-linux-arm-musleabihf': [ '1.4.1' ],
20 silly audit   '@unrs/resolver-binding-linux-arm64-gnu': [ '1.4.1' ],
20 silly audit   '@unrs/resolver-binding-linux-arm64-musl': [ '1.4.1' ],
20 silly audit   '@unrs/resolver-binding-linux-ppc64-gnu': [ '1.4.1' ],
20 silly audit   '@unrs/resolver-binding-linux-s390x-gnu': [ '1.4.1' ],
20 silly audit   '@unrs/resolver-binding-linux-x64-gnu': [ '1.4.1' ],
20 silly audit   '@unrs/resolver-binding-linux-x64-musl': [ '1.4.1' ],
20 silly audit   '@unrs/resolver-binding-wasm32-wasi': [ '1.4.1' ],
20 silly audit   '@unrs/resolver-binding-win32-arm64-msvc': [ '1.4.1' ],
20 silly audit   '@unrs/resolver-binding-win32-ia32-msvc': [ '1.4.1' ],
20 silly audit   '@unrs/resolver-binding-win32-x64-msvc': [ '1.4.1' ],
20 silly audit   acorn: [ '8.14.1' ],
20 silly audit   'acorn-jsx': [ '5.3.2' ],
20 silly audit   ajv: [ '6.12.6' ],
20 silly audit   'ansi-styles': [ '4.3.0' ],
20 silly audit   argparse: [ '2.0.1' ],
20 silly audit   'aria-query': [ '5.3.2' ],
20 silly audit   'array-buffer-byte-length': [ '1.0.2' ],
20 silly audit   'array-includes': [ '3.1.8' ],
20 silly audit   'array.prototype.findlast': [ '1.2.5' ],
20 silly audit   'array.prototype.findlastindex': [ '1.2.6' ],
20 silly audit   'array.prototype.flat': [ '1.3.3' ],
20 silly audit   'array.prototype.flatmap': [ '1.3.3' ],
20 silly audit   'array.prototype.tosorted': [ '1.1.4' ],
20 silly audit   'arraybuffer.prototype.slice': [ '1.0.4' ],
20 silly audit   'ast-types-flow': [ '0.0.8' ],
20 silly audit   'async-function': [ '1.0.0' ],
20 silly audit   'available-typed-arrays': [ '1.0.7' ],
20 silly audit   'axe-core': [ '4.10.3' ],
20 silly audit   'axobject-query': [ '4.1.0' ],
20 silly audit   'balanced-match': [ '1.0.2' ],
20 silly audit   braces: [ '3.0.3' ],
20 silly audit   busboy: [ '1.6.0' ],
20 silly audit   'call-bind': [ '1.0.8' ],
20 silly audit   'call-bind-apply-helpers': [ '1.0.2' ],
20 silly audit   'call-bound': [ '1.0.4' ],
20 silly audit   callsites: [ '3.1.0' ],
20 silly audit   'caniuse-lite': [ '1.0.30001713' ],
20 silly audit   chalk: [ '4.1.2' ],
20 silly audit   'client-only': [ '0.0.1' ],
20 silly audit   color: [ '4.2.3' ],
20 silly audit   'color-convert': [ '2.0.1' ],
20 silly audit   'color-name': [ '1.1.4' ],
20 silly audit   'color-string': [ '1.9.1' ],
20 silly audit   'concat-map': [ '0.0.1' ],
20 silly audit   'cross-spawn': [ '7.0.6' ],
20 silly audit   'damerau-levenshtein': [ '1.0.8' ],
20 silly audit   'data-view-buffer': [ '1.0.2' ],
20 silly audit   'data-view-byte-length': [ '1.0.2' ],
20 silly audit   'data-view-byte-offset': [ '1.0.1' ],
20 silly audit   debug: [ '4.4.0', '3.2.7' ],
20 silly audit   'deep-is': [ '0.1.4' ],
20 silly audit   'define-data-property': [ '1.1.4' ],
20 silly audit   'define-properties': [ '1.2.1' ],
20 silly audit   'detect-libc': [ '2.0.3' ],
20 silly audit   doctrine: [ '2.1.0' ],
20 silly audit   'dunder-proto': [ '1.0.1' ],
20 silly audit   'emoji-regex': [ '9.2.2' ],
20 silly audit   'enhanced-resolve': [ '5.18.1' ],
20 silly audit   'es-abstract': [ '1.23.9' ],
20 silly audit   'es-define-property': [ '1.0.1' ],
20 silly audit   'es-errors': [ '1.3.0' ],
20 silly audit   'es-iterator-helpers': [ '1.2.1' ],
20 silly audit   'es-object-atoms': [ '1.1.1' ],
20 silly audit   'es-set-tostringtag': [ '2.1.0' ],
20 silly audit   'es-shim-unscopables': [ '1.1.0' ],
20 silly audit   'es-to-primitive': [ '1.3.0' ],
20 silly audit   'escape-string-regexp': [ '4.0.0' ],
20 silly audit   eslint: [ '9.24.0' ],
20 silly audit   'eslint-config-next': [ '15.3.0' ],
20 silly audit   'eslint-import-resolver-node': [ '0.3.9' ],
20 silly audit   'eslint-import-resolver-typescript': [ '3.10.0' ],
20 silly audit   'eslint-module-utils': [ '2.12.0' ],
20 silly audit   'eslint-plugin-import': [ '2.31.0' ],
20 silly audit   semver: [ '6.3.1', '7.7.1' ],
20 silly audit   'eslint-plugin-jsx-a11y': [ '6.10.2' ],
20 silly audit   'eslint-plugin-react': [ '7.37.5' ],
20 silly audit   'eslint-plugin-react-hooks': [ '5.2.0' ],
20 silly audit   resolve: [ '2.0.0-next.5', '1.22.10' ],
20 silly audit   'eslint-scope': [ '8.3.0' ],
20 silly audit   espree: [ '10.3.0' ],
20 silly audit   esquery: [ '1.6.0' ],
20 silly audit   esrecurse: [ '4.3.0' ],
20 silly audit   estraverse: [ '5.3.0' ],
20 silly audit   esutils: [ '2.0.3' ],
20 silly audit   'fast-deep-equal': [ '3.1.3' ],
20 silly audit   'fast-json-stable-stringify': [ '2.1.0' ],
20 silly audit   'fast-levenshtein': [ '2.0.6' ],
20 silly audit   fastq: [ '1.19.1' ],
20 silly audit   'file-entry-cache': [ '8.0.0' ],
20 silly audit   'fill-range': [ '7.1.1' ],
20 silly audit   'find-up': [ '5.0.0' ],
20 silly audit   'flat-cache': [ '4.0.1' ],
20 silly audit   flatted: [ '3.3.3' ],
20 silly audit   'for-each': [ '0.3.5' ],
20 silly audit   'function-bind': [ '1.1.2' ],
20 silly audit   'function.prototype.name': [ '1.1.8' ],
20 silly audit   'functions-have-names': [ '1.2.3' ],
20 silly audit   'get-intrinsic': [ '1.3.0' ],
20 silly audit   'get-proto': [ '1.0.1' ],
20 silly audit   'get-symbol-description': [ '1.1.0' ],
20 silly audit   'get-tsconfig': [ '4.10.0' ],
20 silly audit   globals: [ '14.0.0' ],
20 silly audit   globalthis: [ '1.0.4' ],
20 silly audit   gopd: [ '1.2.0' ],
20 silly audit   'graceful-fs': [ '4.2.11' ],
20 silly audit   graphemer: [ '1.4.0' ],
20 silly audit   'has-bigints': [ '1.1.0' ],
20 silly audit   'has-flag': [ '4.0.0' ],
20 silly audit   'has-property-descriptors': [ '1.0.2' ],
20 silly audit   'has-proto': [ '1.2.0' ],
20 silly audit   'has-symbols': [ '1.1.0' ],
20 silly audit   'has-tostringtag': [ '1.0.2' ],
20 silly audit   hasown: [ '2.0.2' ],
20 silly audit   ignore: [ '5.3.2' ],
20 silly audit   'import-fresh': [ '3.3.1' ],
20 silly audit   imurmurhash: [ '0.1.4' ],
20 silly audit   'internal-slot': [ '1.1.0' ],
20 silly audit   'is-array-buffer': [ '3.0.5' ],
20 silly audit   'is-arrayish': [ '0.3.2' ],
20 silly audit   'is-async-function': [ '2.1.1' ],
20 silly audit   'is-bigint': [ '1.1.0' ],
20 silly audit   'is-boolean-object': [ '1.2.2' ],
20 silly audit   'is-bun-module': [ '2.0.0' ],
20 silly audit   'is-callable': [ '1.2.7' ],
20 silly audit   'is-core-module': [ '2.16.1' ],
20 silly audit   'is-data-view': [ '1.0.2' ],
20 silly audit   'is-date-object': [ '1.1.0' ],
20 silly audit   'is-extglob': [ '2.1.1' ],
20 silly audit   'is-finalizationregistry': [ '1.1.1' ],
20 silly audit   'is-generator-function': [ '1.1.0' ],
20 silly audit   'is-glob': [ '4.0.3' ],
20 silly audit   'is-map': [ '2.0.3' ],
20 silly audit   'is-number': [ '7.0.0' ],
20 silly audit   'is-number-object': [ '1.1.1' ],
20 silly audit   'is-regex': [ '1.2.1' ],
20 silly audit   'is-set': [ '2.0.3' ],
20 silly audit   'is-shared-array-buffer': [ '1.0.4' ],
20 silly audit   'is-string': [ '1.1.1' ],
20 silly audit   'is-symbol': [ '1.1.1' ],
20 silly audit   'is-typed-array': [ '1.1.15' ],
20 silly audit   'is-weakmap': [ '2.0.2' ],
20 silly audit   'is-weakref': [ '1.1.1' ],
20 silly audit   'is-weakset': [ '2.0.4' ],
20 silly audit   isarray: [ '2.0.5' ],
20 silly audit   isexe: [ '2.0.0' ],
20 silly audit   'iterator.prototype': [ '1.1.5' ],
20 silly audit   jiti: [ '2.4.2' ],
20 silly audit   'js-tokens': [ '4.0.0' ],
20 silly audit   'js-yaml': [ '4.1.0' ],
20 silly audit   'json-buffer': [ '3.0.1' ],
20 silly audit   'json-schema-traverse': [ '0.4.1' ],
20 silly audit   'json-stable-stringify-without-jsonify': [ '1.0.1' ],
20 silly audit   json5: [ '1.0.2' ],
20 silly audit   'jsx-ast-utils': [ '3.3.5' ],
20 silly audit   keyv: [ '4.5.4' ],
20 silly audit   'language-subtag-registry': [ '0.3.23' ],
20 silly audit   'language-tags': [ '1.0.9' ],
20 silly audit   levn: [ '0.4.1' ],
20 silly audit   lightningcss: [ '1.29.2' ],
20 silly audit   'lightningcss-darwin-arm64': [ '1.29.2' ],
20 silly audit   'lightningcss-darwin-x64': [ '1.29.2' ],
20 silly audit   'lightningcss-freebsd-x64': [ '1.29.2' ],
20 silly audit   'lightningcss-linux-arm-gnueabihf': [ '1.29.2' ],
20 silly audit   'lightningcss-linux-arm64-gnu': [ '1.29.2' ],
20 silly audit   'lightningcss-linux-arm64-musl': [ '1.29.2' ],
20 silly audit   'lightningcss-linux-x64-gnu': [ '1.29.2' ],
20 silly audit   'lightningcss-linux-x64-musl': [ '1.29.2' ],
20 silly audit   'lightningcss-win32-arm64-msvc': [ '1.29.2' ],
20 silly audit   'lightningcss-win32-x64-msvc': [ '1.29.2' ],
20 silly audit   'locate-path': [ '6.0.0' ],
20 silly audit   'lodash.merge': [ '4.6.2' ],
20 silly audit   'loose-envify': [ '1.4.0' ],
20 silly audit   'math-intrinsics': [ '1.1.0' ],
20 silly audit   merge2: [ '1.4.1' ],
20 silly audit   micromatch: [ '4.0.8' ],
20 silly audit   minimist: [ '1.2.8' ],
20 silly audit   ms: [ '2.1.3' ],
20 silly audit   nanoid: [ '3.3.11' ],
20 silly audit   'natural-compare': [ '1.4.0' ],
20 silly audit   next: [ '15.3.0' ],
20 silly audit   postcss: [ '8.4.31', '8.5.3' ],
20 silly audit   'object-assign': [ '4.1.1' ],
20 silly audit   'object-inspect': [ '1.13.4' ],
20 silly audit   'object-keys': [ '1.1.1' ],
20 silly audit   'object.assign': [ '4.1.7' ],
20 silly audit   'object.entries': [ '1.1.9' ],
20 silly audit   'object.fromentries': [ '2.0.8' ],
20 silly audit   'object.groupby': [ '1.0.3' ],
20 silly audit   'object.values': [ '1.2.1' ],
20 silly audit   optionator: [ '0.9.4' ],
20 silly audit   'own-keys': [ '1.0.1' ],
20 silly audit   'p-limit': [ '3.1.0' ],
20 silly audit   'p-locate': [ '5.0.0' ],
20 silly audit   'parent-module': [ '1.0.1' ],
20 silly audit   'path-exists': [ '4.0.0' ],
20 silly audit   'path-key': [ '3.1.1' ],
20 silly audit   'path-parse': [ '1.0.7' ],
20 silly audit   picocolors: [ '1.1.1' ],
20 silly audit   picomatch: [ '2.3.1', '4.0.2' ],
20 silly audit   'possible-typed-array-names': [ '1.1.0' ],
20 silly audit   'prelude-ls': [ '1.2.1' ],
20 silly audit   'prop-types': [ '15.8.1' ],
20 silly audit   punycode: [ '2.3.1' ],
20 silly audit   'queue-microtask': [ '1.2.3' ],
20 silly audit   react: [ '19.1.0' ],
20 silly audit   'react-dom': [ '19.1.0' ],
20 silly audit   'react-is': [ '16.13.1' ],
20 silly audit   'reflect.getprototypeof': [ '1.0.10' ],
20 silly audit   'regexp.prototype.flags': [ '1.5.4' ],
20 silly audit   'resolve-from': [ '4.0.0' ],
20 silly audit   'resolve-pkg-maps': [ '1.0.0' ],
20 silly audit   reusify: [ '1.1.0' ],
20 silly audit   'run-parallel': [ '1.2.0' ],
20 silly audit   'safe-array-concat': [ '1.1.3' ],
20 silly audit   'safe-push-apply': [ '1.0.0' ],
20 silly audit   'safe-regex-test': [ '1.1.0' ],
20 silly audit   scheduler: [ '0.26.0' ],
20 silly audit   'set-function-length': [ '1.2.2' ],
20 silly audit   'set-function-name': [ '2.0.2' ],
20 silly audit   'set-proto': [ '1.0.0' ],
20 silly audit   sharp: [ '0.34.1' ],
20 silly audit   'shebang-command': [ '2.0.0' ],
20 silly audit   'shebang-regex': [ '3.0.0' ],
20 silly audit   'side-channel': [ '1.1.0' ],
20 silly audit   'side-channel-list': [ '1.0.0' ],
20 silly audit   'side-channel-map': [ '1.0.1' ],
20 silly audit   'side-channel-weakmap': [ '1.0.2' ],
20 silly audit   'simple-swizzle': [ '0.2.2' ],
20 silly audit   'source-map-js': [ '1.2.1' ],
20 silly audit   'stable-hash': [ '0.0.5' ],
20 silly audit   streamsearch: [ '1.1.0' ],
20 silly audit   'string.prototype.includes': [ '2.0.1' ],
20 silly audit   'string.prototype.matchall': [ '4.0.12' ],
20 silly audit   'string.prototype.repeat': [ '1.0.0' ],
20 silly audit   'string.prototype.trim': [ '1.2.10' ],
20 silly audit   'string.prototype.trimend': [ '1.0.9' ],
20 silly audit   'string.prototype.trimstart': [ '1.0.8' ],
20 silly audit   'strip-bom': [ '3.0.0' ],
20 silly audit   'strip-json-comments': [ '3.1.1' ],
20 silly audit   'styled-jsx': [ '5.1.6' ],
20 silly audit   'supports-color': [ '7.2.0' ],
20 silly audit   'supports-preserve-symlinks-flag': [ '1.0.0' ],
20 silly audit   tailwindcss: [ '4.1.3' ],
20 silly audit   tapable: [ '2.2.1' ],
20 silly audit   tinyglobby: [ '0.2.12' ],
20 silly audit   fdir: [ '6.4.3' ],
20 silly audit   'to-regex-range': [ '5.0.1' ],
20 silly audit   'ts-api-utils': [ '2.1.0' ],
20 silly audit   'tsconfig-paths': [ '3.15.0' ],
20 silly audit   tslib: [ '2.8.1' ],
20 silly audit   'type-check': [ '0.4.0' ],
20 silly audit   'typed-array-buffer': [ '1.0.3' ],
20 silly audit   'typed-array-byte-length': [ '1.0.3' ],
20 silly audit   'typed-array-byte-offset': [ '1.0.4' ],
20 silly audit   'typed-array-length': [ '1.0.7' ],
20 silly audit   typescript: [ '5.8.3' ],
20 silly audit   'unbox-primitive': [ '1.1.0' ],
20 silly audit   'unrs-resolver': [ '1.4.1' ],
20 silly audit   'uri-js': [ '4.4.1' ],
20 silly audit   which: [ '2.0.2' ],
20 silly audit   'which-boxed-primitive': [ '1.1.1' ],
20 silly audit   'which-builtin-type': [ '1.2.1' ],
20 silly audit   'which-collection': [ '1.0.2' ],
20 silly audit   'which-typed-array': [ '1.1.19' ],
20 silly audit   'word-wrap': [ '1.2.5' ],
20 silly audit   'yocto-queue': [ '0.1.0' ],
20 silly audit   swiper: [ '11.2.6' ]
20 silly audit }
21 verbose reify failed optional dependency E:\backend learn\ecommerce_frontend\my-ecommerce\node_modules\lightningcss-win32-arm64-msvc
22 silly reify mark deleted [
22 silly reify   'E:\\backend learn\\ecommerce_frontend\\my-ecommerce\\node_modules\\lightningcss-win32-arm64-msvc'
22 silly reify ]
23 verbose reify failed optional dependency E:\backend learn\ecommerce_frontend\my-ecommerce\node_modules\lightningcss-linux-x64-musl
24 silly reify mark deleted [
24 silly reify   'E:\\backend learn\\ecommerce_frontend\\my-ecommerce\\node_modules\\lightningcss-linux-x64-musl'
24 silly reify ]
25 verbose reify failed optional dependency E:\backend learn\ecommerce_frontend\my-ecommerce\node_modules\lightningcss-linux-x64-gnu
26 silly reify mark deleted [
26 silly reify   'E:\\backend learn\\ecommerce_frontend\\my-ecommerce\\node_modules\\lightningcss-linux-x64-gnu'
26 silly reify ]
27 verbose reify failed optional dependency E:\backend learn\ecommerce_frontend\my-ecommerce\node_modules\lightningcss-linux-arm64-musl
28 silly reify mark deleted [
28 silly reify   'E:\\backend learn\\ecommerce_frontend\\my-ecommerce\\node_modules\\lightningcss-linux-arm64-musl'
28 silly reify ]
29 verbose reify failed optional dependency E:\backend learn\ecommerce_frontend\my-ecommerce\node_modules\lightningcss-linux-arm64-gnu
30 silly reify mark deleted [
30 silly reify   'E:\\backend learn\\ecommerce_frontend\\my-ecommerce\\node_modules\\lightningcss-linux-arm64-gnu'
30 silly reify ]
31 verbose reify failed optional dependency E:\backend learn\ecommerce_frontend\my-ecommerce\node_modules\lightningcss-linux-arm-gnueabihf
32 silly reify mark deleted [
32 silly reify   'E:\\backend learn\\ecommerce_frontend\\my-ecommerce\\node_modules\\lightningcss-linux-arm-gnueabihf'
32 silly reify ]
33 verbose reify failed optional dependency E:\backend learn\ecommerce_frontend\my-ecommerce\node_modules\lightningcss-freebsd-x64
34 silly reify mark deleted [
34 silly reify   'E:\\backend learn\\ecommerce_frontend\\my-ecommerce\\node_modules\\lightningcss-freebsd-x64'
34 silly reify ]
35 verbose reify failed optional dependency E:\backend learn\ecommerce_frontend\my-ecommerce\node_modules\lightningcss-darwin-x64
36 silly reify mark deleted [
36 silly reify   'E:\\backend learn\\ecommerce_frontend\\my-ecommerce\\node_modules\\lightningcss-darwin-x64'
36 silly reify ]
37 verbose reify failed optional dependency E:\backend learn\ecommerce_frontend\my-ecommerce\node_modules\lightningcss-darwin-arm64
38 silly reify mark deleted [
38 silly reify   'E:\\backend learn\\ecommerce_frontend\\my-ecommerce\\node_modules\\lightningcss-darwin-arm64'
38 silly reify ]
39 verbose reify failed optional dependency E:\backend learn\ecommerce_frontend\my-ecommerce\node_modules\@unrs\resolver-binding-win32-ia32-msvc
40 silly reify mark deleted [
40 silly reify   'E:\\backend learn\\ecommerce_frontend\\my-ecommerce\\node_modules\\@unrs\\resolver-binding-win32-ia32-msvc'
40 silly reify ]
41 verbose reify failed optional dependency E:\backend learn\ecommerce_frontend\my-ecommerce\node_modules\@unrs\resolver-binding-win32-arm64-msvc
42 silly reify mark deleted [
42 silly reify   'E:\\backend learn\\ecommerce_frontend\\my-ecommerce\\node_modules\\@unrs\\resolver-binding-win32-arm64-msvc'
42 silly reify ]
43 verbose reify failed optional dependency E:\backend learn\ecommerce_frontend\my-ecommerce\node_modules\@unrs\resolver-binding-wasm32-wasi
44 silly reify mark deleted [
44 silly reify   'E:\\backend learn\\ecommerce_frontend\\my-ecommerce\\node_modules\\@unrs\\resolver-binding-wasm32-wasi'
44 silly reify ]
45 verbose reify failed optional dependency E:\backend learn\ecommerce_frontend\my-ecommerce\node_modules\@napi-rs\wasm-runtime
46 silly reify mark deleted [
46 silly reify   'E:\\backend learn\\ecommerce_frontend\\my-ecommerce\\node_modules\\@napi-rs\\wasm-runtime'
46 silly reify ]
47 verbose reify failed optional dependency E:\backend learn\ecommerce_frontend\my-ecommerce\node_modules\@emnapi\core
48 silly reify mark deleted [
48 silly reify   'E:\\backend learn\\ecommerce_frontend\\my-ecommerce\\node_modules\\@emnapi\\core'
48 silly reify ]
49 verbose reify failed optional dependency E:\backend learn\ecommerce_frontend\my-ecommerce\node_modules\@tybys\wasm-util
50 silly reify mark deleted [
50 silly reify   'E:\\backend learn\\ecommerce_frontend\\my-ecommerce\\node_modules\\@tybys\\wasm-util'
50 silly reify ]
51 verbose reify failed optional dependency E:\backend learn\ecommerce_frontend\my-ecommerce\node_modules\@emnapi\wasi-threads
52 silly reify mark deleted [
52 silly reify   'E:\\backend learn\\ecommerce_frontend\\my-ecommerce\\node_modules\\@emnapi\\wasi-threads'
52 silly reify ]
53 verbose reify failed optional dependency E:\backend learn\ecommerce_frontend\my-ecommerce\node_modules\@unrs\resolver-binding-linux-x64-musl
54 silly reify mark deleted [
54 silly reify   'E:\\backend learn\\ecommerce_frontend\\my-ecommerce\\node_modules\\@unrs\\resolver-binding-linux-x64-musl'
54 silly reify ]
55 verbose reify failed optional dependency E:\backend learn\ecommerce_frontend\my-ecommerce\node_modules\@unrs\resolver-binding-linux-x64-gnu
56 silly reify mark deleted [
56 silly reify   'E:\\backend learn\\ecommerce_frontend\\my-ecommerce\\node_modules\\@unrs\\resolver-binding-linux-x64-gnu'
56 silly reify ]
57 verbose reify failed optional dependency E:\backend learn\ecommerce_frontend\my-ecommerce\node_modules\@unrs\resolver-binding-linux-s390x-gnu
58 silly reify mark deleted [
58 silly reify   'E:\\backend learn\\ecommerce_frontend\\my-ecommerce\\node_modules\\@unrs\\resolver-binding-linux-s390x-gnu'
58 silly reify ]
59 verbose reify failed optional dependency E:\backend learn\ecommerce_frontend\my-ecommerce\node_modules\@unrs\resolver-binding-linux-ppc64-gnu
60 silly reify mark deleted [
60 silly reify   'E:\\backend learn\\ecommerce_frontend\\my-ecommerce\\node_modules\\@unrs\\resolver-binding-linux-ppc64-gnu'
60 silly reify ]
61 verbose reify failed optional dependency E:\backend learn\ecommerce_frontend\my-ecommerce\node_modules\@unrs\resolver-binding-linux-arm64-musl
62 silly reify mark deleted [
62 silly reify   'E:\\backend learn\\ecommerce_frontend\\my-ecommerce\\node_modules\\@unrs\\resolver-binding-linux-arm64-musl'
62 silly reify ]
63 verbose reify failed optional dependency E:\backend learn\ecommerce_frontend\my-ecommerce\node_modules\@unrs\resolver-binding-linux-arm64-gnu
64 silly reify mark deleted [
64 silly reify   'E:\\backend learn\\ecommerce_frontend\\my-ecommerce\\node_modules\\@unrs\\resolver-binding-linux-arm64-gnu'
64 silly reify ]
65 verbose reify failed optional dependency E:\backend learn\ecommerce_frontend\my-ecommerce\node_modules\@unrs\resolver-binding-linux-arm-musleabihf
66 silly reify mark deleted [
66 silly reify   'E:\\backend learn\\ecommerce_frontend\\my-ecommerce\\node_modules\\@unrs\\resolver-binding-linux-arm-musleabihf'
66 silly reify ]
67 verbose reify failed optional dependency E:\backend learn\ecommerce_frontend\my-ecommerce\node_modules\@unrs\resolver-binding-linux-arm-gnueabihf
68 silly reify mark deleted [
68 silly reify   'E:\\backend learn\\ecommerce_frontend\\my-ecommerce\\node_modules\\@unrs\\resolver-binding-linux-arm-gnueabihf'
68 silly reify ]
69 verbose reify failed optional dependency E:\backend learn\ecommerce_frontend\my-ecommerce\node_modules\@unrs\resolver-binding-freebsd-x64
70 silly reify mark deleted [
70 silly reify   'E:\\backend learn\\ecommerce_frontend\\my-ecommerce\\node_modules\\@unrs\\resolver-binding-freebsd-x64'
70 silly reify ]
71 verbose reify failed optional dependency E:\backend learn\ecommerce_frontend\my-ecommerce\node_modules\@unrs\resolver-binding-darwin-x64
72 silly reify mark deleted [
72 silly reify   'E:\\backend learn\\ecommerce_frontend\\my-ecommerce\\node_modules\\@unrs\\resolver-binding-darwin-x64'
72 silly reify ]
73 verbose reify failed optional dependency E:\backend learn\ecommerce_frontend\my-ecommerce\node_modules\@unrs\resolver-binding-darwin-arm64
74 silly reify mark deleted [
74 silly reify   'E:\\backend learn\\ecommerce_frontend\\my-ecommerce\\node_modules\\@unrs\\resolver-binding-darwin-arm64'
74 silly reify ]
75 verbose reify failed optional dependency E:\backend learn\ecommerce_frontend\my-ecommerce\node_modules\@tailwindcss\oxide-win32-arm64-msvc
76 silly reify mark deleted [
76 silly reify   'E:\\backend learn\\ecommerce_frontend\\my-ecommerce\\node_modules\\@tailwindcss\\oxide-win32-arm64-msvc'
76 silly reify ]
77 verbose reify failed optional dependency E:\backend learn\ecommerce_frontend\my-ecommerce\node_modules\@tailwindcss\oxide-linux-x64-musl
78 silly reify mark deleted [
78 silly reify   'E:\\backend learn\\ecommerce_frontend\\my-ecommerce\\node_modules\\@tailwindcss\\oxide-linux-x64-musl'
78 silly reify ]
79 verbose reify failed optional dependency E:\backend learn\ecommerce_frontend\my-ecommerce\node_modules\@tailwindcss\oxide-linux-x64-gnu
80 silly reify mark deleted [
80 silly reify   'E:\\backend learn\\ecommerce_frontend\\my-ecommerce\\node_modules\\@tailwindcss\\oxide-linux-x64-gnu'
80 silly reify ]
81 verbose reify failed optional dependency E:\backend learn\ecommerce_frontend\my-ecommerce\node_modules\@tailwindcss\oxide-linux-arm64-musl
82 silly reify mark deleted [
82 silly reify   'E:\\backend learn\\ecommerce_frontend\\my-ecommerce\\node_modules\\@tailwindcss\\oxide-linux-arm64-musl'
82 silly reify ]
83 verbose reify failed optional dependency E:\backend learn\ecommerce_frontend\my-ecommerce\node_modules\@tailwindcss\oxide-linux-arm64-gnu
84 silly reify mark deleted [
84 silly reify   'E:\\backend learn\\ecommerce_frontend\\my-ecommerce\\node_modules\\@tailwindcss\\oxide-linux-arm64-gnu'
84 silly reify ]
85 verbose reify failed optional dependency E:\backend learn\ecommerce_frontend\my-ecommerce\node_modules\@tailwindcss\oxide-linux-arm-gnueabihf
86 silly reify mark deleted [
86 silly reify   'E:\\backend learn\\ecommerce_frontend\\my-ecommerce\\node_modules\\@tailwindcss\\oxide-linux-arm-gnueabihf'
86 silly reify ]
87 verbose reify failed optional dependency E:\backend learn\ecommerce_frontend\my-ecommerce\node_modules\@tailwindcss\oxide-freebsd-x64
88 silly reify mark deleted [
88 silly reify   'E:\\backend learn\\ecommerce_frontend\\my-ecommerce\\node_modules\\@tailwindcss\\oxide-freebsd-x64'
88 silly reify ]
89 verbose reify failed optional dependency E:\backend learn\ecommerce_frontend\my-ecommerce\node_modules\@tailwindcss\oxide-darwin-x64
90 silly reify mark deleted [
90 silly reify   'E:\\backend learn\\ecommerce_frontend\\my-ecommerce\\node_modules\\@tailwindcss\\oxide-darwin-x64'
90 silly reify ]
91 verbose reify failed optional dependency E:\backend learn\ecommerce_frontend\my-ecommerce\node_modules\@tailwindcss\oxide-darwin-arm64
92 silly reify mark deleted [
92 silly reify   'E:\\backend learn\\ecommerce_frontend\\my-ecommerce\\node_modules\\@tailwindcss\\oxide-darwin-arm64'
92 silly reify ]
93 verbose reify failed optional dependency E:\backend learn\ecommerce_frontend\my-ecommerce\node_modules\@tailwindcss\oxide-android-arm64
94 silly reify mark deleted [
94 silly reify   'E:\\backend learn\\ecommerce_frontend\\my-ecommerce\\node_modules\\@tailwindcss\\oxide-android-arm64'
94 silly reify ]
95 verbose reify failed optional dependency E:\backend learn\ecommerce_frontend\my-ecommerce\node_modules\@next\swc-win32-arm64-msvc
96 silly reify mark deleted [
96 silly reify   'E:\\backend learn\\ecommerce_frontend\\my-ecommerce\\node_modules\\@next\\swc-win32-arm64-msvc'
96 silly reify ]
97 verbose reify failed optional dependency E:\backend learn\ecommerce_frontend\my-ecommerce\node_modules\@next\swc-linux-x64-musl
98 silly reify mark deleted [
98 silly reify   'E:\\backend learn\\ecommerce_frontend\\my-ecommerce\\node_modules\\@next\\swc-linux-x64-musl'
98 silly reify ]
99 verbose reify failed optional dependency E:\backend learn\ecommerce_frontend\my-ecommerce\node_modules\@next\swc-linux-x64-gnu
100 silly reify mark deleted [
100 silly reify   'E:\\backend learn\\ecommerce_frontend\\my-ecommerce\\node_modules\\@next\\swc-linux-x64-gnu'
100 silly reify ]
101 verbose reify failed optional dependency E:\backend learn\ecommerce_frontend\my-ecommerce\node_modules\@next\swc-linux-arm64-musl
102 silly reify mark deleted [
102 silly reify   'E:\\backend learn\\ecommerce_frontend\\my-ecommerce\\node_modules\\@next\\swc-linux-arm64-musl'
102 silly reify ]
103 verbose reify failed optional dependency E:\backend learn\ecommerce_frontend\my-ecommerce\node_modules\@next\swc-linux-arm64-gnu
104 silly reify mark deleted [
104 silly reify   'E:\\backend learn\\ecommerce_frontend\\my-ecommerce\\node_modules\\@next\\swc-linux-arm64-gnu'
104 silly reify ]
105 verbose reify failed optional dependency E:\backend learn\ecommerce_frontend\my-ecommerce\node_modules\@next\swc-darwin-x64
106 silly reify mark deleted [
106 silly reify   'E:\\backend learn\\ecommerce_frontend\\my-ecommerce\\node_modules\\@next\\swc-darwin-x64'
106 silly reify ]
107 verbose reify failed optional dependency E:\backend learn\ecommerce_frontend\my-ecommerce\node_modules\@next\swc-darwin-arm64
108 silly reify mark deleted [
108 silly reify   'E:\\backend learn\\ecommerce_frontend\\my-ecommerce\\node_modules\\@next\\swc-darwin-arm64'
108 silly reify ]
109 verbose reify failed optional dependency E:\backend learn\ecommerce_frontend\my-ecommerce\node_modules\@img\sharp-win32-ia32
110 silly reify mark deleted [
110 silly reify   'E:\\backend learn\\ecommerce_frontend\\my-ecommerce\\node_modules\\@img\\sharp-win32-ia32'
110 silly reify ]
111 verbose reify failed optional dependency E:\backend learn\ecommerce_frontend\my-ecommerce\node_modules\@img\sharp-wasm32
112 silly reify mark deleted [
112 silly reify   'E:\\backend learn\\ecommerce_frontend\\my-ecommerce\\node_modules\\@img\\sharp-wasm32'
112 silly reify ]
113 verbose reify failed optional dependency E:\backend learn\ecommerce_frontend\my-ecommerce\node_modules\@img\sharp-linuxmusl-x64
114 silly reify mark deleted [
114 silly reify   'E:\\backend learn\\ecommerce_frontend\\my-ecommerce\\node_modules\\@img\\sharp-linuxmusl-x64'
114 silly reify ]
115 verbose reify failed optional dependency E:\backend learn\ecommerce_frontend\my-ecommerce\node_modules\@img\sharp-linuxmusl-arm64
116 silly reify mark deleted [
116 silly reify   'E:\\backend learn\\ecommerce_frontend\\my-ecommerce\\node_modules\\@img\\sharp-linuxmusl-arm64'
116 silly reify ]
117 verbose reify failed optional dependency E:\backend learn\ecommerce_frontend\my-ecommerce\node_modules\@img\sharp-linux-x64
118 silly reify mark deleted [
118 silly reify   'E:\\backend learn\\ecommerce_frontend\\my-ecommerce\\node_modules\\@img\\sharp-linux-x64'
118 silly reify ]
119 verbose reify failed optional dependency E:\backend learn\ecommerce_frontend\my-ecommerce\node_modules\@img\sharp-linux-s390x
120 silly reify mark deleted [
120 silly reify   'E:\\backend learn\\ecommerce_frontend\\my-ecommerce\\node_modules\\@img\\sharp-linux-s390x'
120 silly reify ]
121 verbose reify failed optional dependency E:\backend learn\ecommerce_frontend\my-ecommerce\node_modules\@img\sharp-linux-arm64
122 silly reify mark deleted [
122 silly reify   'E:\\backend learn\\ecommerce_frontend\\my-ecommerce\\node_modules\\@img\\sharp-linux-arm64'
122 silly reify ]
123 verbose reify failed optional dependency E:\backend learn\ecommerce_frontend\my-ecommerce\node_modules\@img\sharp-linux-arm
124 silly reify mark deleted [
124 silly reify   'E:\\backend learn\\ecommerce_frontend\\my-ecommerce\\node_modules\\@img\\sharp-linux-arm'
124 silly reify ]
125 verbose reify failed optional dependency E:\backend learn\ecommerce_frontend\my-ecommerce\node_modules\@img\sharp-libvips-linuxmusl-x64
126 silly reify mark deleted [
126 silly reify   'E:\\backend learn\\ecommerce_frontend\\my-ecommerce\\node_modules\\@img\\sharp-libvips-linuxmusl-x64'
126 silly reify ]
127 verbose reify failed optional dependency E:\backend learn\ecommerce_frontend\my-ecommerce\node_modules\@img\sharp-libvips-linuxmusl-arm64
128 silly reify mark deleted [
128 silly reify   'E:\\backend learn\\ecommerce_frontend\\my-ecommerce\\node_modules\\@img\\sharp-libvips-linuxmusl-arm64'
128 silly reify ]
129 verbose reify failed optional dependency E:\backend learn\ecommerce_frontend\my-ecommerce\node_modules\@img\sharp-libvips-linux-x64
130 silly reify mark deleted [
130 silly reify   'E:\\backend learn\\ecommerce_frontend\\my-ecommerce\\node_modules\\@img\\sharp-libvips-linux-x64'
130 silly reify ]
131 verbose reify failed optional dependency E:\backend learn\ecommerce_frontend\my-ecommerce\node_modules\@img\sharp-libvips-linux-s390x
132 silly reify mark deleted [
132 silly reify   'E:\\backend learn\\ecommerce_frontend\\my-ecommerce\\node_modules\\@img\\sharp-libvips-linux-s390x'
132 silly reify ]
133 verbose reify failed optional dependency E:\backend learn\ecommerce_frontend\my-ecommerce\node_modules\@img\sharp-libvips-linux-ppc64
134 silly reify mark deleted [
134 silly reify   'E:\\backend learn\\ecommerce_frontend\\my-ecommerce\\node_modules\\@img\\sharp-libvips-linux-ppc64'
134 silly reify ]
135 verbose reify failed optional dependency E:\backend learn\ecommerce_frontend\my-ecommerce\node_modules\@img\sharp-libvips-linux-arm64
136 silly reify mark deleted [
136 silly reify   'E:\\backend learn\\ecommerce_frontend\\my-ecommerce\\node_modules\\@img\\sharp-libvips-linux-arm64'
136 silly reify ]
137 verbose reify failed optional dependency E:\backend learn\ecommerce_frontend\my-ecommerce\node_modules\@img\sharp-libvips-linux-arm
138 silly reify mark deleted [
138 silly reify   'E:\\backend learn\\ecommerce_frontend\\my-ecommerce\\node_modules\\@img\\sharp-libvips-linux-arm'
138 silly reify ]
139 verbose reify failed optional dependency E:\backend learn\ecommerce_frontend\my-ecommerce\node_modules\@img\sharp-libvips-darwin-x64
140 silly reify mark deleted [
140 silly reify   'E:\\backend learn\\ecommerce_frontend\\my-ecommerce\\node_modules\\@img\\sharp-libvips-darwin-x64'
140 silly reify ]
141 verbose reify failed optional dependency E:\backend learn\ecommerce_frontend\my-ecommerce\node_modules\@img\sharp-libvips-darwin-arm64
142 silly reify mark deleted [
142 silly reify   'E:\\backend learn\\ecommerce_frontend\\my-ecommerce\\node_modules\\@img\\sharp-libvips-darwin-arm64'
142 silly reify ]
143 verbose reify failed optional dependency E:\backend learn\ecommerce_frontend\my-ecommerce\node_modules\@img\sharp-darwin-x64
144 silly reify mark deleted [
144 silly reify   'E:\\backend learn\\ecommerce_frontend\\my-ecommerce\\node_modules\\@img\\sharp-darwin-x64'
144 silly reify ]
145 verbose reify failed optional dependency E:\backend learn\ecommerce_frontend\my-ecommerce\node_modules\@img\sharp-darwin-arm64
146 silly reify mark deleted [
146 silly reify   'E:\\backend learn\\ecommerce_frontend\\my-ecommerce\\node_modules\\@img\\sharp-darwin-arm64'
146 silly reify ]
147 http cache swiper@https://registry.npmjs.org/swiper/-/swiper-11.2.6.tgz 0ms (cache hit)
148 http cache @tybys/wasm-util@https://registry.npmjs.org/@tybys/wasm-util/-/wasm-util-0.9.0.tgz 0ms (cache hit)
149 http cache @napi-rs/wasm-runtime@https://registry.npmjs.org/@napi-rs/wasm-runtime/-/wasm-runtime-0.2.8.tgz 0ms (cache hit)
150 http cache @emnapi/wasi-threads@https://registry.npmjs.org/@emnapi/wasi-threads/-/wasi-threads-1.0.1.tgz 1ms (cache hit)
151 http cache @emnapi/core@https://registry.npmjs.org/@emnapi/core/-/core-1.4.0.tgz 0ms (cache hit)
152 silly tarball no local data for swiper@https://registry.npmjs.org/swiper/-/swiper-11.2.6.tgz. Extracting by manifest.
153 silly tarball no local data for @tybys/wasm-util@https://registry.npmjs.org/@tybys/wasm-util/-/wasm-util-0.9.0.tgz. Extracting by manifest.
154 silly tarball no local data for @napi-rs/wasm-runtime@https://registry.npmjs.org/@napi-rs/wasm-runtime/-/wasm-runtime-0.2.8.tgz. Extracting by manifest.
155 silly tarball no local data for @emnapi/wasi-threads@https://registry.npmjs.org/@emnapi/wasi-threads/-/wasi-threads-1.0.1.tgz. Extracting by manifest.
156 silly tarball no local data for @emnapi/core@https://registry.npmjs.org/@emnapi/core/-/core-1.4.0.tgz. Extracting by manifest.
157 http fetch POST 200 https://registry.npmjs.org/-/npm/v1/security/advisories/bulk 346ms
158 silly audit report {}
159 http fetch GET 200 https://registry.npmjs.org/@emnapi/wasi-threads/-/wasi-threads-1.0.1.tgz 4580ms (cache miss)
160 http fetch GET 200 https://registry.npmjs.org/@emnapi/core/-/core-1.4.0.tgz 5481ms (cache miss)
161 http fetch GET 200 https://registry.npmjs.org/@tybys/wasm-util/-/wasm-util-0.9.0.tgz 5728ms (cache miss)
162 http fetch GET 200 https://registry.npmjs.org/@napi-rs/wasm-runtime/-/wasm-runtime-0.2.8.tgz 6079ms (cache miss)
163 http fetch GET 200 https://registry.npmjs.org/swiper/-/swiper-11.2.6.tgz 9374ms (cache miss)
164 silly ADD node_modules/swiper
165 silly ADD
166 silly ADD
167 silly ADD
168 silly ADD
169 silly ADD
170 silly ADD
171 silly ADD
172 silly ADD
173 silly ADD
174 silly ADD
175 silly ADD
176 silly ADD
177 silly ADD
178 silly ADD
179 silly ADD
180 silly ADD
181 silly ADD
182 silly ADD
183 silly ADD
184 silly ADD
185 silly ADD
186 silly ADD
187 silly ADD
188 silly ADD
189 silly ADD
190 silly ADD
191 silly ADD
192 silly ADD
193 silly ADD
194 silly ADD
195 silly ADD
196 silly ADD
197 silly ADD
198 silly ADD
199 silly ADD
200 silly ADD
201 silly ADD
202 silly ADD
203 silly ADD
204 silly ADD
205 silly ADD
206 silly ADD
207 silly ADD
208 silly ADD
209 silly ADD
210 silly ADD
211 silly ADD
212 silly ADD
213 silly ADD
214 silly ADD
215 silly ADD
216 silly ADD
217 silly ADD
218 silly ADD
219 silly ADD
220 silly ADD
221 silly ADD
222 silly ADD
223 silly ADD
224 silly ADD
225 silly ADD
226 silly ADD
227 silly ADD
228 verbose cwd E:\backend learn\ecommerce_frontend\my-ecommerce
229 verbose os Windows_NT 10.0.19045
230 verbose node v22.14.0
231 verbose npm  v11.1.0
232 verbose exit 0
233 info ok
